<?xml version="1.0" encoding="UTF-8"?>
<!-- Generated by org.testng.reporters.JUnitReportReporter -->
<testsuite hostname="DESKTOP-URSJHU8" failures="0" tests="1" name="Testcase.TC_001_AccountRegistrationTest" time="15.456" errors="0" timestamp="2023-07-31T14:59:46 IST" skipped="0">
  <testcase classname="Testcase.TC_001_AccountRegistrationTest" name="Test_Account_Registration" time="15.456"/>
</testsuite> <!-- Testcase.TC_001_AccountRegistrationTest -->
