<?xml version="1.0" encoding="UTF-8"?>
<!-- Generated by org.testng.reporters.JUnitReportReporter -->
<testsuite hostname="DESKTOP-URSJHU8" failures="0" tests="1" name="Testcase.TC_004_SearchResultTest" time="1.899" errors="0" timestamp="2023-07-30T09:11:18 IST" skipped="0">
  <testcase classname="Testcase.TC_004_SearchResultTest" name="test_productpresent" time="1.899"/>
</testsuite> <!-- Testcase.TC_004_SearchResultTest -->
