<?xml version="1.0" encoding="UTF-8"?>
<!-- Generated by org.testng.reporters.JUnitReportReporter -->
<testsuite hostname="DESKTOP-URSJHU8" failures="0" tests="1" name="Testcase.TC_002_HomePageTest" time="0.210" errors="0" timestamp="2023-07-31T14:59:46 IST" skipped="0">
  <testcase classname="Testcase.TC_002_HomePageTest" name="test_logo" time="0.210"/>
</testsuite> <!-- Testcase.TC_002_HomePageTest -->
