<?xml version="1.0" encoding="UTF-8"?>
<!-- Generated by org.testng.reporters.JUnitReportReporter -->
<testsuite hostname="DESKTOP-URSJHU8" failures="0" tests="2" name="Testcase.TC_002_HomePageTest" time="0.130" errors="0" timestamp="2023-08-22T11:40:14 IST" skipped="0">
  <testcase classname="Testcase.TC_002_HomePageTest" name="test_logo" time="0.106"/>
  <testcase classname="Testcase.TC_002_HomePageTest" name="test_title" time="0.024"/>
</testsuite> <!-- Testcase.TC_002_HomePageTest -->
