<?xml version="1.0" encoding="UTF-8"?>
<!-- Generated by org.testng.reporters.JUnitReportReporter -->
<testsuite hostname="DESKTOP-URSJHU8" failures="0" tests="1" name="Testcase.TC_001_AccountRegistrationTest" time="8.218" errors="0" timestamp="2023-08-22T11:40:14 IST" skipped="0">
  <testcase classname="Testcase.TC_001_AccountRegistrationTest" name="Test_Account_Registration" time="8.218"/>
</testsuite> <!-- Testcase.TC_001_AccountRegistrationTest -->
