<?xml version="1.0" encoding="UTF-8"?>
<!-- Generated by org.testng.reporters.JUnitReportReporter -->
<testsuite hostname="DESKTOP-URSJHU8" failures="0" tests="1" name="Testcase.TC_004_SearchResultTest" time="4.675" errors="0" timestamp="2023-08-22T11:40:14 IST" skipped="0">
  <testcase classname="Testcase.TC_004_SearchResultTest" name="test_productpresent" time="4.675"/>
</testsuite> <!-- Testcase.TC_004_SearchResultTest -->
