<?xml version="1.0" encoding="UTF-8"?>
<!-- Generated by org.testng.reporters.JUnitReportReporter -->
<testsuite hostname="DESKTOP-URSJHU8" failures="0" tests="4" name="Testcase.TC_005_LoginDDTTest" time="34.828" errors="0" timestamp="2023-08-14T19:42:52 IST" skipped="0">
  <testcase classname="Testcase.TC_005_LoginDDTTest" name="test_loginddt" time="3.454"/>
  <testcase classname="Testcase.TC_005_LoginDDTTest" name="test_loginddt" time="23.071"/>
  <testcase classname="Testcase.TC_005_LoginDDTTest" name="test_loginddt" time="2.814"/>
  <testcase classname="Testcase.TC_005_LoginDDTTest" name="test_loginddt" time="5.489"/>
</testsuite> <!-- Testcase.TC_005_LoginDDTTest -->
