<?xml version="1.0" encoding="UTF-8"?>
<!-- Generated by org.testng.reporters.JUnitReportReporter -->
<testsuite hostname="DESKTOP-URSJHU8" failures="0" tests="1" name="Testcase.TC_003_LoginTest" time="5.892" errors="0" timestamp="2023-08-22T11:40:14 IST" skipped="0">
  <testcase classname="Testcase.TC_003_LoginTest" name="logintest" time="5.892"/>
</testsuite> <!-- Testcase.TC_003_LoginTest -->
